<?xml version="1.0" encoding="UTF-8"?>
<testsuite xmlns:xsi="http://www.w3.org/2001/XMLSchema-instance" xsi:noNamespaceSchemaLocation="https://maven.apache.org/surefire/maven-surefire-plugin/xsd/surefire-test-report.xsd" name="AverageOfNumbersTest" time="0.22" tests="3" errors="0" skipped="0" failures="3">
  <properties>
    <property name="java.specification.version" value="15"/>
    <property name="sun.jnu.encoding" value="UTF-8"/>
    <property name="java.class.path" value="/Users/anupam_pathak/Documents/NewFolder/mooc-java-programming-ii/part10-Part10_01.AverageOfNumbers/target/test-classes:/Users/anupam_pathak/Documents/NewFolder/mooc-java-programming-ii/part10-Part10_01.AverageOfNumbers/target/classes:/Users/anupam_pathak/.m2/repository/junit/junit/4.12/junit-4.12.jar:/Users/anupam_pathak/.m2/repository/org/hamcrest/hamcrest-core/1.3/hamcrest-core-1.3.jar:/Users/anupam_pathak/.m2/repository/fi/helsinki/cs/tmc/edu-test-utils/0.4.2/edu-test-utils-0.4.2.jar:"/>
    <property name="java.vm.vendor" value="Oracle Corporation"/>
    <property name="sun.arch.data.model" value="64"/>
    <property name="java.vendor.url" value="https://java.oracle.com/"/>
    <property name="os.name" value="Mac OS X"/>
    <property name="java.vm.specification.version" value="15"/>
    <property name="sun.java.launcher" value="SUN_STANDARD"/>
    <property name="user.country" value="GB"/>
    <property name="sun.boot.library.path" value="/Library/Java/JavaVirtualMachines/jdk-15.0.1.jdk/Contents/Home/lib"/>
    <property name="sun.java.command" value="/Users/anupam_pathak/Documents/NewFolder/mooc-java-programming-ii/part10-Part10_01.AverageOfNumbers/target/surefire/surefirebooter15913053128659471773.jar /Users/anupam_pathak/Documents/NewFolder/mooc-java-programming-ii/part10-Part10_01.AverageOfNumbers/target/surefire 2023-08-07T19-36-38_457-jvmRun1 surefire12737060695269519038tmp surefire_017834952679319512828tmp"/>
    <property name="http.nonProxyHosts" value="local|*.local|169.254/16|*.169.254/16"/>
    <property name="jdk.debug" value="release"/>
    <property name="surefire.test.class.path" value="/Users/anupam_pathak/Documents/NewFolder/mooc-java-programming-ii/part10-Part10_01.AverageOfNumbers/target/test-classes:/Users/anupam_pathak/Documents/NewFolder/mooc-java-programming-ii/part10-Part10_01.AverageOfNumbers/target/classes:/Users/anupam_pathak/.m2/repository/junit/junit/4.12/junit-4.12.jar:/Users/anupam_pathak/.m2/repository/org/hamcrest/hamcrest-core/1.3/hamcrest-core-1.3.jar:/Users/anupam_pathak/.m2/repository/fi/helsinki/cs/tmc/edu-test-utils/0.4.2/edu-test-utils-0.4.2.jar:"/>
    <property name="sun.cpu.endian" value="little"/>
    <property name="user.home" value="/Users/anupam_pathak"/>
    <property name="user.language" value="en"/>
    <property name="java.specification.vendor" value="Oracle Corporation"/>
    <property name="java.version.date" value="2020-10-20"/>
    <property name="java.home" value="/Library/Java/JavaVirtualMachines/jdk-15.0.1.jdk/Contents/Home"/>
    <property name="file.separator" value="/"/>
    <property name="basedir" value="/Users/anupam_pathak/Documents/NewFolder/mooc-java-programming-ii/part10-Part10_01.AverageOfNumbers"/>
    <property name="java.vm.compressedOopsMode" value="Zero based"/>
    <property name="line.separator" value="&#10;"/>
    <property name="java.specification.name" value="Java Platform API Specification"/>
    <property name="java.vm.specification.vendor" value="Oracle Corporation"/>
    <property name="surefire.real.class.path" value="/Users/anupam_pathak/Documents/NewFolder/mooc-java-programming-ii/part10-Part10_01.AverageOfNumbers/target/surefire/surefirebooter15913053128659471773.jar"/>
    <property name="jdk.net.URLClassPath.disableClassPathURLCheck" value="true"/>
    <property name="sun.management.compiler" value="HotSpot 64-Bit Tiered Compilers"/>
    <property name="ftp.nonProxyHosts" value="local|*.local|169.254/16|*.169.254/16"/>
    <property name="java.runtime.version" value="15.0.1+9-18"/>
    <property name="user.name" value="anupam_pathak"/>
    <property name="path.separator" value=":"/>
    <property name="os.version" value="10.16"/>
    <property name="java.runtime.name" value="Java(TM) SE Runtime Environment"/>
    <property name="file.encoding" value="UTF-8"/>
    <property name="java.vm.name" value="Java HotSpot(TM) 64-Bit Server VM"/>
    <property name="localRepository" value="/Users/anupam_pathak/.m2/repository"/>
    <property name="java.vendor.url.bug" value="https://bugreport.java.com/bugreport/"/>
    <property name="java.io.tmpdir" value="/var/folders/w7/_bxxvyw150q40703k727b0lc0000gp/T/"/>
    <property name="java.version" value="15.0.1"/>
    <property name="user.dir" value="/Users/anupam_pathak/Documents/NewFolder/mooc-java-programming-ii/part10-Part10_01.AverageOfNumbers"/>
    <property name="os.arch" value="x86_64"/>
    <property name="java.vm.specification.name" value="Java Virtual Machine Specification"/>
    <property name="java.library.path" value="/Users/anupam_pathak/Library/Java/Extensions:/Library/Java/Extensions:/Network/Library/Java/Extensions:/System/Library/Java/Extensions:/usr/lib/java:."/>
    <property name="java.vm.info" value="mixed mode, sharing"/>
    <property name="java.vendor" value="Oracle Corporation"/>
    <property name="java.vm.version" value="15.0.1+9-18"/>
    <property name="sun.io.unicode.encoding" value="UnicodeBig"/>
    <property name="socksNonProxyHosts" value="local|*.local|169.254/16|*.169.254/16"/>
    <property name="java.class.version" value="59.0"/>
  </properties>
  <testcase name="randomInputTest" classname="AverageOfNumbersTest" time="0.023">
    <failure message="When input equals:&#10;-3999&#10;-2750&#10;-1148&#10;-3329&#10;-1405&#10;6191&#10;end&#10;&#10;the average should be: -1073.3333333333333&#10;Instead it was: &#10;" type="java.lang.AssertionError">java.lang.AssertionError: 
When input equals:
-3999
-2750
-1148
-3329
-1405
6191
end

the average should be: -1073.3333333333333
Instead it was: 

	at AverageOfNumbersTest.randomInputTest(AverageOfNumbersTest.java:64)
</failure>
  </testcase>
  <testcase name="firstInputTest" classname="AverageOfNumbersTest" time="0">
    <failure message="When input equals:&#10;2&#10;4&#10;6&#10;end&#10;&#10;the average should be: 4.0&#10;Instead it was: " type="java.lang.AssertionError">java.lang.AssertionError: 
When input equals:
2
4
6
end

the average should be: 4.0
Instead it was: 
	at AverageOfNumbersTest.firstInputTest(AverageOfNumbersTest.java:24)
</failure>
  </testcase>
  <testcase name="secondInputTest" classname="AverageOfNumbersTest" time="0.003">
    <failure message="When input equals:&#10;-1&#10;1&#10;2&#10;end&#10;&#10;the average should be: 0.666666&#10;Instead it was: " type="java.lang.AssertionError">java.lang.AssertionError: 
When input equals:
-1
1
2
end

the average should be: 0.666666
Instead it was: 
	at AverageOfNumbersTest.secondInputTest(AverageOfNumbersTest.java:34)
</failure>
  </testcase>
</testsuite>